666040422
682537885
982723823
25150356
107914184
28488691
371
49600992
565618408
812
385125807
32801581
22945131
1596
542495757
241811686
836090930
118617190
492590807
2892
866148337
32801581
8841665
754428575
12730984
631198943
78174194
147356098
147356098
725807013
196904386
526500376
725684540
3462978
332240977
2892
882700010
613418440
654893674
805596044
30069172
334597760
11458600
70584
812
751426379
32801581
326084086
169991998
46
710915861
1596
449094871
147356098
427105980
1596
4917
981263595
241811686
45786783
45786783
964666827
961394558
631156291
46
1596
772808816
49600992
400342081
542495757
996609021
439353353
138831785
377457868
56547944
885487833
441709901
739437023
143883160
430720632
954118394
477178345
932512423
372497857
124896782
865661981
55544024
127657236
516596146
30069172
523156106
824713619
289760217
397901648
335984091
133855512
57660456
746449529
344293450
728163656
